Line 20: Class XtremeSuiteControls.CheckBox of control chkGrafico was not a loaded control class.
Line 33: Class XtremeSuiteControls.GroupBox of control GroupBox2 was not a loaded control class.
Line 45: Class XtremeSuiteControls.RadioButton of control RadioButton1 was not a loaded control class.
Line 59: Class XtremeSuiteControls.RadioButton of control RadioButton2 was not a loaded control class.
Line 72: Class XtremeSuiteControls.RadioButton of control RadioButton3 was not a loaded control class.
Line 85: Class XtremeSuiteControls.PushButton of control PushButton2 was not a loaded control class.
Line 98: Class XtremeSuiteControls.PushButton of control PushButton3 was not a loaded control class.
Line 157: Class XtremeSuiteControls.GroupBox of control grpTotales was not a loaded control class.
Line 170: Class XtremeSuiteControls.Label of control lblTotalTotal was not a loaded control class.
Line 184: Class XtremeSuiteControls.Label of control lblExentoTotal was not a loaded control class.
Line 198: Class XtremeSuiteControls.Label of control lblPercepcionesTotal was not a loaded control class.
Line 212: Class XtremeSuiteControls.Label of control lblIVATotal was not a loaded control class.
Line 226: Class XtremeSuiteControls.Label of control lblNetoGravadoTotal was not a loaded control class.
Line 248: Class XtremeSuiteControls.Label of control lblTotal was not a loaded control class.
Line 262: Class XtremeSuiteControls.Label of control lblExento was not a loaded control class.
Line 276: Class XtremeSuiteControls.Label of control lblPercepcionesIIBB was not a loaded control class.
Line 290: Class XtremeSuiteControls.Label of control lblIVA was not a loaded control class.
Line 304: Class XtremeSuiteControls.Label of control lblNetoGravado was not a loaded control class.
Line 319: Class XtremeSuiteControls.GroupBox of control GroupBox1 was not a loaded control class.
Line 331: Class XtremeSuiteControls.PushButton of control PushButton1 was not a loaded control class.
Line 344: Class XtremeSuiteControls.PushButton of control CMDsINCliente was not a loaded control class.
Line 357: Class XtremeSuiteControls.GroupBox of control GroupBox3 was not a loaded control class.
Line 370: Class XtremeSuiteControls.ComboBox of control cboRangos was not a loaded control class.
Line 384: Class XtremeSuiteControls.DateTimePicker of control dtpDesde was not a loaded control class.
Line 397: Class XtremeSuiteControls.DateTimePicker of control dtpHasta was not a loaded control class.
Line 409: Class XtremeSuiteControls.Label of control Label4 was not a loaded control class.
Line 422: Class XtremeSuiteControls.Label of control Label5 was not a loaded control class.
Line 435: Class XtremeSuiteControls.Label of control Label6 was not a loaded control class.
Line 449: Class XtremeSuiteControls.PushButton of control cmdSinContrato was not a loaded control class.
Line 462: Class XtremeSuiteControls.ComboBox of control cboContratos was not a loaded control class.
Line 477: Class XtremeSuiteControls.PushButton of control PushButton4 was not a loaded control class.
Line 490: Class XtremeSuiteControls.ComboBox of control cboProvincias was not a loaded control class.
Line 505: Class XtremeSuiteControls.ComboBox of control cboClientes was not a loaded control class.
Line 520: Class XtremeSuiteControls.Label of control Label3 was not a loaded control class.
Line 534: Class XtremeSuiteControls.Label of control Label1 was not a loaded control class.
Line 548: Class XtremeSuiteControls.Label of control Label2 was not a loaded control class.
