Line 18: Class XtremeSuiteControls.GroupBox of control GroupBox1 was not a loaded control class.
Line 44: Class XtremeSuiteControls.ComboBox of control cboProveedores was not a loaded control class.
Line 57: Class XtremeSuiteControls.PushButton of control Command2 was not a loaded control class.
Line 71: Class XtremeSuiteControls.DateTimePicker of control dtpDesde was not a loaded control class.
Line 84: Class XtremeSuiteControls.DateTimePicker of control dtpHasta was not a loaded control class.
Line 97: Class XtremeSuiteControls.ComboBox of control cboRangos was not a loaded control class.
Line 111: Class XtremeSuiteControls.PushButton of control CMDsINCliente was not a loaded control class.
Line 125: Class XtremeSuiteControls.ComboBox of control cboFantasia was not a loaded control class.
Line 139: Class XtremeSuiteControls.PushButton of control btnClearFantasia was not a loaded control class.
Line 153: Class XtremeSuiteControls.DateTimePicker of control dtpDesdeCarga was not a loaded control class.
Line 166: Class XtremeSuiteControls.DateTimePicker of control dtpHastaCarga was not a loaded control class.
Line 179: Class XtremeSuiteControls.ComboBox of control cboRangosCarga was not a loaded control class.
Line 193: Class XtremeSuiteControls.PushButton of control btnRemoveEstado was not a loaded control class.
Line 207: Class XtremeSuiteControls.ComboBox of control cboEstado was not a loaded control class.
Line 222: Class XtremeSuiteControls.PushButton of control cmdImprimir was not a loaded control class.
Line 235: Class XtremeSuiteControls.PushButton of control cmdExportar was not a loaded control class.
Line 284: Class XtremeSuiteControls.Label of control Label11 was not a loaded control class.
Line 307: Class XtremeSuiteControls.Label of control Label10 was not a loaded control class.
Line 322: Class XtremeSuiteControls.Label of control Label9 was not a loaded control class.
Line 336: Class XtremeSuiteControls.Label of control Label8 was not a loaded control class.
Line 350: Class XtremeSuiteControls.Label of control Label7 was not a loaded control class.
Line 364: Class XtremeSuiteControls.Label of control Label3 was not a loaded control class.
Line 378: Class XtremeSuiteControls.Label of control Label2 was not a loaded control class.
Line 392: Class XtremeSuiteControls.Label of control Label1 was not a loaded control class.
Line 406: Class XtremeSuiteControls.Label of control Label4 was not a loaded control class.
Line 420: Class XtremeSuiteControls.Label of control Label5 was not a loaded control class.
Line 434: Class XtremeSuiteControls.Label of control Label6 was not a loaded control class.
