Line 17: Class XtremeSuiteControls.GroupBox of control grp was not a loaded control class.
Line 45: Class XtremeSuiteControls.ComboBox of control cboClientes was not a loaded control class.
Line 81: Class XtremeSuiteControls.PushButton of control PushButton1 was not a loaded control class.
Line 94: Class XtremeSuiteControls.PushButton of control cmdBuscar was not a loaded control class.
Line 108: Class XtremeSuiteControls.GroupBox of control GroupBox2 was not a loaded control class.
Line 121: Class XtremeSuiteControls.DateTimePicker of control dtpDesde was not a loaded control class.
Line 134: Class XtremeSuiteControls.DateTimePicker of control dtpHasta was not a loaded control class.
Line 147: Class XtremeSuiteControls.ComboBox of control cboRangos was not a loaded control class.
Line 161: Class XtremeSuiteControls.Label of control Label6 was not a loaded control class.
Line 174: Class XtremeSuiteControls.Label of control Label5 was not a loaded control class.
Line 187: Class XtremeSuiteControls.Label of control Label7 was not a loaded control class.
Line 201: Class XtremeSuiteControls.PushButton of control cmdImprimir was not a loaded control class.
Line 214: Class XtremeSuiteControls.PushButton of control PushButton2 was not a loaded control class.
Line 228: Class XtremeSuiteControls.ComboBox of control cboPuntosVenta was not a loaded control class.
Line 253: Class XtremeSuiteControls.PushButton of control PushButton3 was not a loaded control class.
Line 266: Class XtremeSuiteControls.ComboBox of control cboEstados was not a loaded control class.
Line 291: Class XtremeSuiteControls.PushButton of control PushButton4 was not a loaded control class.
Line 304: Class XtremeSuiteControls.Label of control Label10 was not a loaded control class.
Line 316: Class XtremeSuiteControls.Label of control Label9 was not a loaded control class.
Line 491: Class XtremeSuiteControls.CheckBox of control chkVerObservaciones was not a loaded control class.
Line 505: Class XtremeSuiteControls.TaskDialog of control taskDialog was not a loaded control class.
