Line 15: Class XtremeSuiteControls.GroupBox of control grpTotales was not a loaded control class.
Line 27: Class XtremeSuiteControls.Label of control lblRedondeo was not a loaded control class.
Line 40: Class XtremeSuiteControls.Label of control Label4 was not a loaded control class.
Line 53: Class XtremeSuiteControls.Label of control Label5 was not a loaded control class.
Line 66: Class XtremeSuiteControls.Label of control lblImpuestoInterno was not a loaded control class.
Line 79: Class XtremeSuiteControls.Label of control lblExento was not a loaded control class.
Line 92: Class XtremeSuiteControls.Label of control Label2 was not a loaded control class.
Line 105: Class XtremeSuiteControls.Label of control lblIVA was not a loaded control class.
Line 118: Class XtremeSuiteControls.Label of control lblIVATotal was not a loaded control class.
Line 131: Class XtremeSuiteControls.Label of control lblNetoGravado was not a loaded control class.
Line 144: Class XtremeSuiteControls.Label of control lblPercepcionesIIBB was not a loaded control class.
Line 157: Class XtremeSuiteControls.Label of control lblTotal was not a loaded control class.
Line 178: Class XtremeSuiteControls.Label of control lblNetoGravadoTotal was not a loaded control class.
Line 191: Class XtremeSuiteControls.Label of control lblPercepcionesTotal was not a loaded control class.
Line 204: Class XtremeSuiteControls.Label of control lblTotalTotal was not a loaded control class.
Line 262: Class XtremeSuiteControls.GroupBox of control GroupBox1 was not a loaded control class.
Line 274: Class XtremeSuiteControls.CheckBox of control chkOcultarIVACero was not a loaded control class.
Line 287: Class XtremeSuiteControls.RadioButton of control rdoRangoFechas was not a loaded control class.
Line 300: Class XtremeSuiteControls.PushButton of control btnMostrar was not a loaded control class.
Line 313: Class XtremeSuiteControls.PushButton of control PushButton2 was not a loaded control class.
Line 326: Class XtremeSuiteControls.PushButton of control btnExportar was not a loaded control class.
Line 339: Class XtremeSuiteControls.RadioButton of control rdoLiquidacion was not a loaded control class.
Line 352: Class XtremeSuiteControls.GroupBox of control grpRangoFechas was not a loaded control class.
Line 363: Class XtremeSuiteControls.DateTimePicker of control dtpDesde was not a loaded control class.
Line 376: Class XtremeSuiteControls.DateTimePicker of control dtpHasta was not a loaded control class.
Line 389: Class XtremeSuiteControls.Label of control lblDesde was not a loaded control class.
Line 402: Class XtremeSuiteControls.Label of control Label1 was not a loaded control class.
Line 416: Class XtremeSuiteControls.GroupBox of control grpLiquidacion was not a loaded control class.
Line 427: Class XtremeSuiteControls.ComboBox of control cboLiquidaciones was not a loaded control class.
Line 441: Class XtremeSuiteControls.Label of control lblLiquidacion was not a loaded control class.
Line 455: Class XtremeSuiteControls.PushButton of control btnGuardarLiquidacion was not a loaded control class.
Line 468: Class XtremeSuiteControls.CheckBox of control chkOcultarIIBBCero was not a loaded control class.
Line 482: Class XtremeSuiteControls.GroupBox of control grpTotalesIVA was not a loaded control class.
Line 525: Class XtremeSuiteControls.GroupBox of control GroupBox2 was not a loaded control class.
