Line 25: Class XtremeSuiteControls.GroupBox of control grpTotales was not a loaded control class.
Line 37: Class XtremeSuiteControls.Label of control lblTotalTotal was not a loaded control class.
Line 50: Class XtremeSuiteControls.Label of control lblExentoTotal was not a loaded control class.
Line 63: Class XtremeSuiteControls.Label of control lblPercepcionesTotal was not a loaded control class.
Line 76: Class XtremeSuiteControls.Label of control lblIVATotal was not a loaded control class.
Line 89: Class XtremeSuiteControls.Label of control lblNetoGravadoTotal was not a loaded control class.
Line 110: Class XtremeSuiteControls.Label of control lblTotal was not a loaded control class.
Line 123: Class XtremeSuiteControls.Label of control lblExento was not a loaded control class.
Line 136: Class XtremeSuiteControls.Label of control lblPercepcionesIIBB was not a loaded control class.
Line 149: Class XtremeSuiteControls.Label of control lblIVA was not a loaded control class.
Line 162: Class XtremeSuiteControls.Label of control lblNetoGravado was not a loaded control class.
Line 221: Class XtremeSuiteControls.GroupBox of control GroupBox1 was not a loaded control class.
Line 242: Class XtremeSuiteControls.RadioButton of control rdoRangoFechas was not a loaded control class.
Line 255: Class XtremeSuiteControls.PushButton of control btnMostrar was not a loaded control class.
Line 277: Class XtremeSuiteControls.PushButton of control PushButton2 was not a loaded control class.
Line 299: Class XtremeSuiteControls.PushButton of control btnExportar was not a loaded control class.
Line 321: Class XtremeSuiteControls.RadioButton of control rdoLiquidacion was not a loaded control class.
Line 334: Class XtremeSuiteControls.GroupBox of control grpRangoFechas was not a loaded control class.
Line 345: Class XtremeSuiteControls.DateTimePicker of control dtpDesde was not a loaded control class.
Line 367: Class XtremeSuiteControls.DateTimePicker of control dtpHasta was not a loaded control class.
Line 389: Class XtremeSuiteControls.Label of control Label1 was not a loaded control class.
Line 402: Class XtremeSuiteControls.Label of control lblDesde was not a loaded control class.
Line 416: Class XtremeSuiteControls.GroupBox of control grpLiquidacion was not a loaded control class.
Line 427: Class XtremeSuiteControls.ComboBox of control cboLiquidaciones was not a loaded control class.
Line 441: Class XtremeSuiteControls.Label of control lblLiquidacion was not a loaded control class.
Line 455: Class XtremeSuiteControls.PushButton of control btnGuardarLiquidacion was not a loaded control class.
