Line 18: Class XtremeSuiteControls.TabControl of control TabControl1 was not a loaded control class.
Line 55: Class XtremeSuiteControls.PushButton of control PushButton1 was not a loaded control class.
Line 69: Class XtremeSuiteControls.PushButton of control btnFiltrar was not a loaded control class.
Line 83: Class XtremeSuiteControls.ComboBox of control cboProveedores was not a loaded control class.
Line 106: Class GridEX20.GridEX of control grdCheques3eros was not a loaded control class.
Line 158: Class GridEX20.GridEX of control gridChequesEmitidos was not a loaded control class.
Line 210: Class GridEX20.GridEX of control grid_cartera_cheques was not a loaded control class.
Line 265: Class XtremeSuiteControls.PushButton of control btnBorrarNumeroCartera was not a loaded control class.
Line 285: Class XtremeSuiteControls.PushButton of control btnBorrarOrigen was not a loaded control class.
Line 298: Class XtremeSuiteControls.PushButton of control btnBorrarClasificacion was not a loaded control class.
Line 311: Class XtremeSuiteControls.PushButton of control btnBorrarBanco was not a loaded control class.
Line 324: Class XtremeSuiteControls.ComboBox of control cboClasificacion was not a loaded control class.
Line 337: Class XtremeSuiteControls.ComboBox of control cboBancoCartera was not a loaded control class.
Line 357: Class XtremeSuiteControls.PushButton of control btnBuscarEnCartera was not a loaded control class.
Line 380: Class XtremeSuiteControls.PushButton of control btnExportarCartera was not a loaded control class.
Line 394: Class XtremeSuiteControls.ProgressBar of control ProgressBar was not a loaded control class.
Line 416: Class XtremeSuiteControls.GroupBox of control GroFechaComprobante was not a loaded control class.
Line 430: Class XtremeSuiteControls.ComboBox of control cboRangosVtoCartera was not a loaded control class.
Line 445: Class XtremeSuiteControls.DateTimePicker of control dtpDesdeVtoCartera was not a loaded control class.
Line 460: Class XtremeSuiteControls.DateTimePicker of control dtpHastaVtoCartera was not a loaded control class.
Line 475: Class XtremeSuiteControls.Label of control lblHasta was not a loaded control class.
Line 490: Class XtremeSuiteControls.Label of control lblDesde was not a loaded control class.
Line 505: Class XtremeSuiteControls.Label of control lblRango was not a loaded control class.
Line 521: Class XtremeSuiteControls.GroupBox of control GroFechaComprobante was not a loaded control class.
Line 535: Class XtremeSuiteControls.ComboBox of control cboRangosRboCartera was not a loaded control class.
Line 550: Class XtremeSuiteControls.DateTimePicker of control dtpHastaRboCartera was not a loaded control class.
Line 565: Class XtremeSuiteControls.DateTimePicker of control dtpDesdeRboCartera was not a loaded control class.
Line 580: Class XtremeSuiteControls.Label of control lblHasta was not a loaded control class.
Line 595: Class XtremeSuiteControls.Label of control lblDesde was not a loaded control class.
Line 610: Class XtremeSuiteControls.Label of control lblRango was not a loaded control class.
Line 663: Class XtremeSuiteControls.GroupBox of control GroupBox3 was not a loaded control class.
Line 676: Class XtremeSuiteControls.ComboBox of control cboClientes3erosUti was not a loaded control class.
Line 689: Class XtremeSuiteControls.PushButton of control PushButton4 was not a loaded control class.
Line 702: Class XtremeSuiteControls.ComboBox of control cboProveedores3eros was not a loaded control class.
Line 715: Class XtremeSuiteControls.PushButton of control btnBorrarOPTerceros was not a loaded control class.
Line 728: Class XtremeSuiteControls.PushButton of control btnBorrarOrigenTerceros was not a loaded control class.
Line 741: Class XtremeSuiteControls.PushButton of control btnBorrarBancosTerceros was not a loaded control class.
Line 754: Class XtremeSuiteControls.PushButton of control btnBorrarNumeroTerceros was not a loaded control class.
Line 767: Class XtremeSuiteControls.ComboBox of control cboBancos3ero was not a loaded control class.
Line 787: Class XtremeSuiteControls.PushButton of control btnBuscar was not a loaded control class.
Line 810: Class XtremeSuiteControls.PushButton of control btnExportar was not a loaded control class.
Line 824: Class XtremeSuiteControls.ProgressBar of control ProgressBar was not a loaded control class.
Line 853: Class XtremeSuiteControls.GroupBox of control GroFechaComprobante was not a loaded control class.
Line 867: Class XtremeSuiteControls.ComboBox of control cboRangosVtoTerceros was not a loaded control class.
Line 882: Class XtremeSuiteControls.DateTimePicker of control dtpDesdeVtoTerceros was not a loaded control class.
Line 897: Class XtremeSuiteControls.DateTimePicker of control dtpHastaVtoTerceros was not a loaded control class.
Line 912: Class XtremeSuiteControls.Label of control lblRango was not a loaded control class.
Line 927: Class XtremeSuiteControls.Label of control lblDesde was not a loaded control class.
Line 942: Class XtremeSuiteControls.Label of control lblHasta was not a loaded control class.
Line 958: Class XtremeSuiteControls.GroupBox of control GroFechaComprobante was not a loaded control class.
Line 972: Class XtremeSuiteControls.ComboBox of control cboRangosRboEmitido was not a loaded control class.
Line 987: Class XtremeSuiteControls.DateTimePicker of control dtpHastaRboEmitido was not a loaded control class.
Line 1002: Class XtremeSuiteControls.DateTimePicker of control dtpDesdeRboEmitido was not a loaded control class.
Line 1017: Class XtremeSuiteControls.Label of control lblRango was not a loaded control class.
Line 1032: Class XtremeSuiteControls.Label of control lblDesde was not a loaded control class.
Line 1047: Class XtremeSuiteControls.Label of control lblHasta was not a loaded control class.
Line 1063: Class XtremeSuiteControls.Label of control Label7 was not a loaded control class.
Line 1083: Class XtremeSuiteControls.Label of control lblOP was not a loaded control class.
Line 1096: Class XtremeSuiteControls.Label of control lblOP was not a loaded control class.
Line 1109: Class XtremeSuiteControls.Label of control lblNumero was not a loaded control class.
Line 1122: Class XtremeSuiteControls.GroupBox of control GroupBox2 was not a loaded control class.
Line 1134: Class XtremeSuiteControls.PushButton of control PushButton2 was not a loaded control class.
Line 1147: Class XtremeSuiteControls.ComboBox of control cboProveedoresPropios was not a loaded control class.
Line 1160: Class XtremeSuiteControls.PushButton of control btnBorrarNumeroPropios was not a loaded control class.
Line 1173: Class XtremeSuiteControls.PushButton of control btnBorrarOPPropios was not a loaded control class.
Line 1193: Class XtremeSuiteControls.PushButton of control btnBuscarChePropios was not a loaded control class.
Line 1216: Class XtremeSuiteControls.PushButton of control btnExportarChePropios was not a loaded control class.
Line 1230: Class XtremeSuiteControls.ProgressBar of control ProgressBar was not a loaded control class.
Line 1259: Class XtremeSuiteControls.CheckBox of control chkIngresados was not a loaded control class.
Line 1272: Class XtremeSuiteControls.ComboBox of control cboBancos1 was not a loaded control class.
Line 1285: Class XtremeSuiteControls.PushButton of control CMDsINCliente was not a loaded control class.
Line 1299: Class XtremeSuiteControls.ComboBox of control cboChequera2 was not a loaded control class.
Line 1312: Class XtremeSuiteControls.PushButton of control PushButton3 was not a loaded control class.
Line 1326: Class XtremeSuiteControls.GroupBox of control GroFechaComprobante was not a loaded control class.
Line 1340: Class XtremeSuiteControls.ComboBox of control cboRangosVtoPropios was not a loaded control class.
Line 1355: Class XtremeSuiteControls.DateTimePicker of control dtpDesdeVtoPropios was not a loaded control class.
Line 1370: Class XtremeSuiteControls.DateTimePicker of control dtpHastaVtoPropios was not a loaded control class.
Line 1385: Class XtremeSuiteControls.Label of control lblRango was not a loaded control class.
Line 1400: Class XtremeSuiteControls.Label of control lblDesde was not a loaded control class.
Line 1415: Class XtremeSuiteControls.Label of control lblHasta was not a loaded control class.
Line 1431: Class XtremeSuiteControls.GroupBox of control GroFechaComprobante was not a loaded control class.
Line 1445: Class XtremeSuiteControls.ComboBox of control cboRangosRboPropios was not a loaded control class.
Line 1460: Class XtremeSuiteControls.DateTimePicker of control dtpHastaRboPropios was not a loaded control class.
Line 1475: Class XtremeSuiteControls.DateTimePicker of control dtpDesdeRboPropios was not a loaded control class.
Line 1490: Class XtremeSuiteControls.Label of control lblRango was not a loaded control class.
Line 1505: Class XtremeSuiteControls.Label of control lblDesde was not a loaded control class.
Line 1520: Class XtremeSuiteControls.Label of control lblHasta was not a loaded control class.
Line 1583: Class XtremeSuiteControls.GroupBox of control GroupBox1 was not a loaded control class.
Line 1628: Class XtremeSuiteControls.ComboBox of control cboMonedas was not a loaded control class.
Line 1643: Class XtremeSuiteControls.PushButton of control cmdCrear was not a loaded control class.
Line 1656: Class XtremeSuiteControls.ComboBox of control cboBancos was not a loaded control class.
Line 1722: Class GridEX20.GridEX of control grid_cheques was not a loaded control class.
Line 1763: Class GridEX20.GridEX of control grid_chequeras was not a loaded control class.
Line 1804: Class XtremeSuiteControls.Label of control Label6 was not a loaded control class.
Line 1819: Class GridEX20.GridEX of control gridBancos was not a loaded control class.
