Línea 14: la clase XtremeSuiteControls.ComboBox del control cboPOs no era una clase de control cargada.
Línea 28: la clase GridEX20.GridEX del control gridReq no era una clase de control cargada.
Línea 20: el nombre de la propiedad _Version de cboPOs no es válido.
Línea 21: el nombre de la propiedad _ExtentX de cboPOs no es válido.
Línea 22: el nombre de la propiedad _ExtentY de cboPOs no es válido.
Línea 23: el nombre de la propiedad _StockProps de cboPOs no es válido.
Línea 26: el nombre de la propiedad Text de cboPOs no es válido.
Línea 14: no se pudo establecer la propiedad Appearance de cboPOs.
Línea 34: el nombre de la propiedad _ExtentX de gridReq no es válido.
Línea 35: el nombre de la propiedad _ExtentY de gridReq no es válido.
Línea 36: el nombre de la propiedad Version de gridReq no es válido.
Línea 37: el nombre de la propiedad PreviewRowIndent de gridReq no es válido.
Línea 38: el nombre de la propiedad BoundColumnIndex de gridReq no es válido.
Línea 39: el nombre de la propiedad ReplaceColumnIndex de gridReq no es válido.
Línea 40: el nombre de la propiedad PreviewColumn de gridReq no es válido.
Línea 41: el nombre de la propiedad PreviewRowLines de gridReq no es válido.
Línea 42: el nombre de la propiedad ColumnAutoResize de gridReq no es válido.
Línea 43: el nombre de la propiedad MultiSelect de gridReq no es válido.
Línea 44: el nombre de la propiedad MethodHoldFields de gridReq no es válido.
Línea 45: el nombre de la propiedad BackColorInfoText de gridReq no es válido.
Línea 46: el nombre de la propiedad AllowDelete de gridReq no es válido.
Línea 48: el nombre de la propiedad GroupByBoxVisible de gridReq no es válido.
Línea 49: el nombre de la propiedad BackColorHeader de gridReq no es válido.
Línea 50: el nombre de la propiedad RowHeaders de gridReq no es válido.
Línea 51: el nombre de la propiedad DataMode de gridReq no es válido.
Línea 52: el nombre de la propiedad BackColorBkg de gridReq no es válido.
Línea 53: el nombre de la propiedad ColumnHeaderHeight de gridReq no es válido.
Línea 54: el nombre de la propiedad IntProp1 de gridReq no es válido.
Línea 55: el nombre de la propiedad IntProp2 de gridReq no es válido.
Línea 56: el nombre de la propiedad IntProp7 de gridReq no es válido.
Línea 57: el nombre de la propiedad ColumnsCount de gridReq no es válido.
Línea 58: el nombre de la propiedad Column(1) de gridReq no es válido.
Línea 59: el nombre de la propiedad Column(2) de gridReq no es válido.
Línea 60: el nombre de la propiedad Column(3) de gridReq no es válido.
Línea 61: el nombre de la propiedad Column(4) de gridReq no es válido.
Línea 62: el nombre de la propiedad Column(5) de gridReq no es válido.
Línea 63: el nombre de la propiedad Column(6) de gridReq no es válido.
Línea 64: el nombre de la propiedad Column(7) de gridReq no es válido.
Línea 65: el nombre de la propiedad FormatStylesCount de gridReq no es válido.
Línea 66: el nombre de la propiedad FormatStyle(1) de gridReq no es válido.
Línea 67: el nombre de la propiedad FormatStyle(2) de gridReq no es válido.
Línea 68: el nombre de la propiedad FormatStyle(3) de gridReq no es válido.
Línea 69: el nombre de la propiedad FormatStyle(4) de gridReq no es válido.
Línea 70: el nombre de la propiedad FormatStyle(5) de gridReq no es válido.
Línea 71: el nombre de la propiedad FormatStyle(6) de gridReq no es válido.
Línea 72: el nombre de la propiedad FormatStyle(7) de gridReq no es válido.
Línea 73: el nombre de la propiedad FormatStyle(8) de gridReq no es válido.
Línea 74: el nombre de la propiedad FormatStyle(9) de gridReq no es válido.
Línea 75: el nombre de la propiedad ImageCount de gridReq no es válido.
Línea 76: el nombre de la propiedad PrinterProperties de gridReq no es válido.
Línea 28: no se pudo establecer la propiedad BorderStyle de gridReq.
