Line 17: Class XtremeSuiteControls.PushButton of control A was not a loaded control class.
Line 30: Class XtremeSuiteControls.PushButton of control Imprimir was not a loaded control class.
Line 51: Class XtremeSuiteControls.TabControl of control TabControl1 was not a loaded control class.
Line 121: Class XtremeSuiteControls.PushButton of control cmdQuitarOperario was not a loaded control class.
Line 134: Class XtremeSuiteControls.PushButton of control cmdTerminar was not a loaded control class.
Line 147: Class XtremeSuiteControls.PushButton of control cmdCrear was not a loaded control class.
Line 23: The property name _Version in A is invalid.
Line 24: The property name _ExtentX in A is invalid.
Line 25: The property name _ExtentY in A is invalid.
Line 26: The property name _StockProps in A is invalid.
Line 27: The property name Caption in A is invalid.
Line 28: The property name UseVisualStyle in A is invalid.
Line 36: The property name _Version in Imprimir is invalid.
Line 37: The property name _ExtentX in Imprimir is invalid.
Line 38: The property name _ExtentY in Imprimir is invalid.
Line 39: The property name _StockProps in Imprimir is invalid.
Line 40: The property name Caption in Imprimir is invalid.
Line 41: The property name UseVisualStyle in Imprimir is invalid.
Line 57: The property name _Version in TabControl1 is invalid.
Line 58: The property name _ExtentX in TabControl1 is invalid.
Line 59: The property name _ExtentY in TabControl1 is invalid.
Line 60: The property name _StockProps in TabControl1 is invalid.
Line 62: The property name Color in TabControl1 is invalid.
Line 63: The property name ItemCount in TabControl1 is invalid.
Line 64: The property name SelectedItem in TabControl1 is invalid.
Line 65: The property name Item(0).Caption in TabControl1 is invalid.
Line 66: The property name Item(0).ControlCount in TabControl1 is invalid.
Line 67: The property name Item(0).Control(0) in TabControl1 is invalid.
Line 68: The property name Item(1).Caption in TabControl1 is invalid.
Line 69: The property name Item(1).ControlCount in TabControl1 is invalid.
Line 70: The property name Item(1).Control(0) in TabControl1 is invalid.
Line 71: The property name Item(1).Control(1) in TabControl1 is invalid.
Line 72: The property name Item(2).Caption in TabControl1 is invalid.
Line 73: The property name Item(2).ControlCount in TabControl1 is invalid.
Line 74: The property name Item(2).Control(0) in TabControl1 is invalid.
Line 51: Property Appearance in TabControl1 could not be set.
Line 127: The property name _Version in cmdQuitarOperario is invalid.
Line 128: The property name _ExtentX in cmdQuitarOperario is invalid.
Line 129: The property name _ExtentY in cmdQuitarOperario is invalid.
Line 130: The property name _StockProps in cmdQuitarOperario is invalid.
Line 131: The property name Caption in cmdQuitarOperario is invalid.
Line 132: The property name UseVisualStyle in cmdQuitarOperario is invalid.
Line 140: The property name _Version in cmdTerminar is invalid.
Line 141: The property name _ExtentX in cmdTerminar is invalid.
Line 142: The property name _ExtentY in cmdTerminar is invalid.
Line 143: The property name _StockProps in cmdTerminar is invalid.
Line 144: The property name Caption in cmdTerminar is invalid.
Line 145: The property name UseVisualStyle in cmdTerminar is invalid.
Line 153: The property name _Version in cmdCrear is invalid.
Line 154: The property name _ExtentX in cmdCrear is invalid.
Line 155: The property name _ExtentY in cmdCrear is invalid.
Line 156: The property name _StockProps in cmdCrear is invalid.
Line 157: The property name Caption in cmdCrear is invalid.
Line 158: The property name UseVisualStyle in cmdCrear is invalid.
