10:05:55 a.m. 

24/06/2015 10:05:55 a.m.  RunTime Error in abb

RunTime Error: -1072896682 - No es válido en el nivel superior del documento.

	Module Name    : XmlSerializer
	Procedure Name : IVBSAXErrorHandler_fatalError
	Line Number    : 0
	Error Source   : SAXXMLReader
	User Desc.     : CurrentObject: Nothing

Call Stack:
	Module    : XmlSerializer
	Procedure : IVBSAXErrorHandler_fatalError()

	Module    : XmlSerializer
	Procedure : Deserialize()


10:08:23 a.m. 

24/06/2015 10:08:23 a.m.  RunTime Error in abb

RunTime Error: -1072896682 - No es válido en el nivel superior del documento.

	Module Name    : XmlSerializer
	Procedure Name : Deserialize
	Line Number    : 0
	Error Source   : msxml3.dll
	User Desc.     : 

Call Stack:
	Module    : XmlSerializer
	Procedure : Deserialize()


