Line 15: Class XtremeSuiteControls.PushButton of control cmdImprimir was not a loaded control class.
Line 74: Class XtremeSuiteControls.GroupBox of control GroupBox1 was not a loaded control class.
Line 86: Class XtremeSuiteControls.ComboBox of control cboClientes was not a loaded control class.
Line 107: Class XtremeSuiteControls.CheckBox of control chkMarcos was not a loaded control class.
Line 120: Class XtremeSuiteControls.GroupBox of control GroupBox2 was not a loaded control class.
Line 132: Class XtremeSuiteControls.DateTimePicker of control dtpDesde was not a loaded control class.
Line 145: Class XtremeSuiteControls.DateTimePicker of control dtpHasta was not a loaded control class.
Line 158: Class XtremeSuiteControls.ComboBox of control cboRangos was not a loaded control class.
Line 172: Class XtremeSuiteControls.Label of control Label6 was not a loaded control class.
Line 186: Class XtremeSuiteControls.Label of control Label5 was not a loaded control class.
Line 200: Class XtremeSuiteControls.Label of control Label4 was not a loaded control class.
Line 215: Class XtremeSuiteControls.PushButton of control btnListar was not a loaded control class.
Line 228: Class XtremeSuiteControls.PushButton of control CMDsINCliente was not a loaded control class.
Line 242: Class XtremeSuiteControls.PushButton of control btnClearEstadoOT was not a loaded control class.
Line 256: Class XtremeSuiteControls.ComboBox of control cboEstadoOT was not a loaded control class.
Line 270: Class XtremeSuiteControls.ComboBox of control cboMayorMenor was not a loaded control class.
Line 284: Class XtremeSuiteControls.PushButton of control btnClearFacturado was not a loaded control class.
Line 325: Class XtremeSuiteControls.GroupBox of control grpTotales was not a loaded control class.
Line 337: Class XtremeSuiteControls.Label of control lblExento was not a loaded control class.
Line 350: Class XtremeSuiteControls.Label of control lblNetoGravado was not a loaded control class.
Line 363: Class XtremeSuiteControls.Label of control lblIVA was not a loaded control class.
Line 376: Class XtremeSuiteControls.Label of control lblTotal was not a loaded control class.
Line 389: Class XtremeSuiteControls.Label of control lblTotalFacturado was not a loaded control class.
Line 402: Class XtremeSuiteControls.Label of control lblTotalPendiente was not a loaded control class.
Line 415: Class XtremeSuiteControls.Label of control lblTotalTotal was not a loaded control class.
