Line 16: Class XtremeSuiteControls.PushButton of control Copiar was not a loaded control class.
Line 37: Class XtremeSuiteControls.PushButton of control btnGenerar was not a loaded control class.
Line 50: Class XtremeSuiteControls.GroupBox of control grpResumen was not a loaded control class.
Line 62: Class XtremeSuiteControls.RadioButton of control rdoDiario was not a loaded control class.
Line 75: Class XtremeSuiteControls.RadioButton of control rdoMensual was not a loaded control class.
Line 90: Class XtremeSuiteControls.GroupBox of control grpRango was not a loaded control class.
Line 102: Class XtremeSuiteControls.DateTimePicker of control dtpDesde was not a loaded control class.
Line 115: Class XtremeSuiteControls.DateTimePicker of control dtpHasta was not a loaded control class.
Line 128: Class XtremeSuiteControls.Label of control Label2 was not a loaded control class.
Line 142: Class XtremeSuiteControls.Label of control Label1 was not a loaded control class.
Line 157: Class XtremeSuiteControls.GroupBox of control grpLineas was not a loaded control class.
Line 169: Class XtremeSuiteControls.CheckBox of control chkCobros was not a loaded control class.
Line 183: Class XtremeSuiteControls.CheckBox of control chkPagos was not a loaded control class.
Line 197: Class XtremeSuiteControls.CheckBox of control chkRestaOT was not a loaded control class.
Line 211: Class XtremeSuiteControls.CheckBox of control chkRegresionCobros was not a loaded control class.
Line 224: Class XtremeSuiteControls.CheckBox of control chkRegresionPagos was not a loaded control class.
Line 237: Class XtremeSuiteControls.CheckBox of control ckhRegresionFacturarOT was not a loaded control class.
Line 251: Class XtremeSuiteControls.GroupBox of control GroupBox1 was not a loaded control class.
Line 263: Class XtremeSuiteControls.ComboBox of control cboClientes was not a loaded control class.
Line 276: Class XtremeSuiteControls.PushButton of control btnSacarCliente was not a loaded control class.
