Line 27: Class XtremeSuiteControls.PushButton of control cmdValorizar was not a loaded control class.
Line 86: Class XtremeSuiteControls.ComboBox of control cboClientes was not a loaded control class.
Line 104: Class XtremeSuiteControls.PushButton of control btnFacturar was not a loaded control class.
Line 33: The property name _Version in cmdValorizar is invalid.
Line 34: The property name _ExtentX in cmdValorizar is invalid.
Line 35: The property name _ExtentY in cmdValorizar is invalid.
Line 36: The property name _StockProps in cmdValorizar is invalid.
Line 37: The property name Caption in cmdValorizar is invalid.
Line 27: Property Appearance in cmdValorizar could not be set.
Line 40: Cannot load control grilla; license not found.
Line 92: The property name _Version in cboClientes is invalid.
Line 93: The property name _ExtentX in cboClientes is invalid.
Line 94: The property name _ExtentY in cboClientes is invalid.
Line 95: The property name _StockProps in cboClientes is invalid.
Line 97: The property name Sorted in cboClientes is invalid.
Line 98: The property name Style in cboClientes is invalid.
Line 100: The property name UseVisualStyle in cboClientes is invalid.
Line 101: The property name Text in cboClientes is invalid.
Line 102: The property name AutoComplete in cboClientes is invalid.
Line 86: Property Appearance in cboClientes could not be set.
Line 110: The property name _Version in btnFacturar is invalid.
Line 111: The property name _ExtentX in btnFacturar is invalid.
Line 112: The property name _ExtentY in btnFacturar is invalid.
Line 113: The property name _StockProps in btnFacturar is invalid.
Line 114: The property name Caption in btnFacturar is invalid.
Line 104: Property Appearance in btnFacturar could not be set.
