Line 28: Class XtremeSuiteControls.PushButton of control btnGuardar was not a loaded control class.
Line 121: Class XtremeSuiteControls.ComboBox of control cboAsegurado was not a loaded control class.
Line 145: Class XtremeSuiteControls.ComboBox of control cboTipoAccidente was not a loaded control class.
Line 168: Class XtremeSuiteControls.ComboBox of control cboTratamiento was not a loaded control class.
Line 191: Class XtremeSuiteControls.ComboBox of control cboGravedad was not a loaded control class.
Line 227: Class XtremeSuiteControls.ComboBox of control cboART was not a loaded control class.
Line 251: Class XtremeSuiteControls.ComboBox of control cboSupervisor was not a loaded control class.
Line 275: Class XtremeSuiteControls.PushButton of control btnCancelar was not a loaded control class.
Line 289: Class XtremeSuiteControls.ComboBox of control cboSector was not a loaded control class.
Line 313: Class XtremeSuiteControls.Label of control Label14 was not a loaded control class.
Line 335: Class XtremeSuiteControls.Label of control Label13 was not a loaded control class.
Line 357: Class XtremeSuiteControls.Label of control Label12 was not a loaded control class.
Line 379: Class XtremeSuiteControls.Label of control Label11 was not a loaded control class.
Line 401: Class XtremeSuiteControls.Label of control Label9 was not a loaded control class.
Line 423: Class XtremeSuiteControls.Label of control Label8 was not a loaded control class.
Line 445: Class XtremeSuiteControls.Label of control Label7 was not a loaded control class.
Line 467: Class XtremeSuiteControls.Label of control Label6 was not a loaded control class.
Line 489: Class XtremeSuiteControls.Label of control Label5 was not a loaded control class.
Line 511: Class XtremeSuiteControls.Label of control Label4 was not a loaded control class.
Line 533: Class XtremeSuiteControls.Label of control Label3 was not a loaded control class.
Line 555: Class XtremeSuiteControls.Label of control Label2 was not a loaded control class.
Line 577: Class XtremeSuiteControls.Label of control Label1 was not a loaded control class.
