Line 27: Class XtremeSuiteControls.GroupBox of control GroupBox7 was not a loaded control class.
Line 47: Class XtremeSuiteControls.PushButton of control btnExportarDatos was not a loaded control class.
Line 61: Class XtremeSuiteControls.PushButton of control btnGuardar was not a loaded control class.
Line 83: Class XtremeSuiteControls.Label of control lblFacturasTotal was not a loaded control class.
Line 105: Class XtremeSuiteControls.Label of control lblTotalPagoACuenta was not a loaded control class.
Line 220: Class XtremeSuiteControls.GroupBox of control GroupBox6 was not a loaded control class.
Line 241: Class XtremeSuiteControls.ListBox of control ListPagosACuenta was not a loaded control class.
Line 255: Class XtremeSuiteControls.GroupBox of control GroupBox3 was not a loaded control class.
Line 290: Class XtremeSuiteControls.ComboBox of control cboMonedas was not a loaded control class.
Line 304: Class XtremeSuiteControls.DateTimePicker of control dtpFecha was not a loaded control class.
Line 400: Class XtremeSuiteControls.GroupBox of control grpOrigen was not a loaded control class.
Line 421: Class XtremeSuiteControls.TabControl of control TabControl was not a loaded control class.
Line 451: Class GridEX20.GridEX of control gridDepositosOperaciones was not a loaded control class.
Line 491: Class GridEX20.GridEX of control gridCajaOperaciones was not a loaded control class.
Line 530: Class GridEX20.GridEX of control gridChequesPropios was not a loaded control class.
Line 571: Class GridEX20.GridEX of control gridCheques was not a loaded control class.
Line 614: Class GridEX20.GridEX of control gridCompensatorios was not a loaded control class.
Line 658: Class GridEX20.GridEX of control gridBancos was not a loaded control class.
Line 697: Class GridEX20.GridEX of control gridCuentasBancarias was not a loaded control class.
Line 735: Class GridEX20.GridEX of control gridMonedas was not a loaded control class.
Line 773: Class GridEX20.GridEX of control gridCajas was not a loaded control class.
Line 809: Class GridEX20.GridEX of control gridChequesDisponibles was not a loaded control class.
Line 853: Class GridEX20.GridEX of control gridChequeras was not a loaded control class.
Line 891: Class GridEX20.GridEX of control gridChequesChequera was not a loaded control class.
Line 932: Class XtremeSuiteControls.GroupBox of control grpDestino was not a loaded control class.
Line 953: Class XtremeSuiteControls.PushButton of control cmdMostrarDatosProveedor was not a loaded control class.
Line 974: Class XtremeSuiteControls.RadioButton of control radioFacturaProveedor was not a loaded control class.
Line 988: Class XtremeSuiteControls.RadioButton of control radioConcepto was not a loaded control class.
Line 1001: Class XtremeSuiteControls.ComboBox of control cboProveedores was not a loaded control class.
Line 1018: Class XtremeSuiteControls.PushButton of control btnClearProveedor was not a loaded control class.
Line 1031: Class XtremeSuiteControls.FlatEdit of control txtDetalle was not a loaded control class.
Line 1046: Class XtremeSuiteControls.ComboBox of control cboCuentas was not a loaded control class.
Line 1064: Class XtremeSuiteControls.GroupBox of control GroupBox1 was not a loaded control class.
Line 1097: Class GridEX20.GridEX of control gridRetenciones was not a loaded control class.
Line 1138: Class XtremeSuiteControls.PushButton of control btnCargar was not a loaded control class.
Line 1151: Class XtremeSuiteControls.PushButton of control btnPadronAnt was not a loaded control class.
Line 1184: Class XtremeSuiteControls.GroupBox of control GroupBox2 was not a loaded control class.
Line 1205: Class XtremeSuiteControls.PushButton of control btnExportarCbtes was not a loaded control class.
Line 1278: Class XtremeSuiteControls.ListBox of control lstFacturas was not a loaded control class.
Line 1292: Class XtremeSuiteControls.Label of control lblCantidadCbtesSeleccionados was not a loaded control class.
Line 1304: Class XtremeSuiteControls.Label of control lblCantidadComprobantes was not a loaded control class.
Line 1379: Class XtremeSuiteControls.GroupBox of control GroupBox4 was not a loaded control class.
Line 1400: Class XtremeSuiteControls.ListBox of control lstDeudaCompensatorios was not a loaded control class.
