Line 16: Class XtremeSuiteControls.GroupBox of control GroupBox1 was not a loaded control class.
Line 29: Class XtremeSuiteControls.GroupBox of control gbBotones was not a loaded control class.
Line 41: Class XtremeSuiteControls.PushButton of control Command2 was not a loaded control class.
Line 56: Class XtremeSuiteControls.PushButton of control cmdImprimir was not a loaded control class.
Line 70: Class XtremeSuiteControls.PushButton of control cmdExportar was not a loaded control class.
Line 84: Class XtremeSuiteControls.CheckBox of control checkVerIds was not a loaded control class.
Line 99: Class XtremeSuiteControls.GroupBox of control GroupBox5 was not a loaded control class.
Line 112: Class XtremeSuiteControls.PushButton of control btnClearHastaTT was not a loaded control class.
Line 126: Class XtremeSuiteControls.PushButton of control btnClearDesdeTT was not a loaded control class.
Line 154: Class XtremeSuiteControls.Label of control Label9 was not a loaded control class.
Line 169: Class XtremeSuiteControls.Label of control Label8 was not a loaded control class.
Line 185: Class XtremeSuiteControls.GroupBox of control GroupBox4 was not a loaded control class.
Line 197: Class XtremeSuiteControls.ProgressBar of control progreso was not a loaded control class.
Line 266: Class XtremeSuiteControls.GroupBox of control GroupBox2 was not a loaded control class.
Line 279: Class XtremeSuiteControls.DateTimePicker of control dtpDesde was not a loaded control class.
Line 292: Class XtremeSuiteControls.DateTimePicker of control dtpHasta was not a loaded control class.
Line 305: Class XtremeSuiteControls.ComboBox of control cboRangos was not a loaded control class.
Line 319: Class XtremeSuiteControls.Label of control Label6 was not a loaded control class.
Line 333: Class XtremeSuiteControls.Label of control Label5 was not a loaded control class.
Line 347: Class XtremeSuiteControls.Label of control Label4 was not a loaded control class.
Line 362: Class XtremeSuiteControls.PushButton of control btnClearFormaDePago was not a loaded control class.
Line 383: Class XtremeSuiteControls.ComboBox of control cboProveedores was not a loaded control class.
Line 396: Class XtremeSuiteControls.PushButton of control CMDsINCliente was not a loaded control class.
Line 410: Class XtremeSuiteControls.ComboBox of control cboFantasia was not a loaded control class.
Line 424: Class XtremeSuiteControls.PushButton of control btnClearFantasia was not a loaded control class.
Line 438: Class XtremeSuiteControls.PushButton of control btnRemoveEstado was not a loaded control class.
Line 452: Class XtremeSuiteControls.ComboBox of control cboEstado was not a loaded control class.
Line 467: Class XtremeSuiteControls.PushButton of control btnClearCtaCble was not a loaded control class.
Line 481: Class XtremeSuiteControls.ComboBox of control cboCuentasContables was not a loaded control class.
Line 494: Class XtremeSuiteControls.ComboBox of control cboBoxFormaDePago was not a loaded control class.
Line 516: Class XtremeSuiteControls.Label of control lblFormaDePago was not a loaded control class.
Line 530: Class XtremeSuiteControls.Label of control Label12 was not a loaded control class.
Line 545: Class XtremeSuiteControls.Label of control Label10 was not a loaded control class.
Line 560: Class XtremeSuiteControls.Label of control Label3 was not a loaded control class.
Line 574: Class XtremeSuiteControls.Label of control Label2 was not a loaded control class.
Line 588: Class XtremeSuiteControls.Label of control Label1 was not a loaded control class.
Line 603: Class GridEX20.GridEX of control grilla was not a loaded control class.
Line 667: Class XtremeSuiteControls.GroupBox of control GroupBox3 was not a loaded control class.
Line 680: Class XtremeSuiteControls.DateTimePicker of control dtpDesdeCarga was not a loaded control class.
Line 693: Class XtremeSuiteControls.DateTimePicker of control dtpHastaCarga was not a loaded control class.
Line 706: Class XtremeSuiteControls.ComboBox of control cboRangosCarga was not a loaded control class.
Line 720: Class XtremeSuiteControls.Label of control Label9 was not a loaded control class.
Line 735: Class XtremeSuiteControls.Label of control Label8 was not a loaded control class.
Line 750: Class XtremeSuiteControls.Label of control Label7 was not a loaded control class.
