Line 16: Class XtremeSuiteControls.GroupBox of control GroupBox5 was not a loaded control class.
Line 28: Class XtremeSuiteControls.GroupBox of control GroupBox4 was not a loaded control class.
Line 40: Class XtremeSuiteControls.ProgressBar of control progreso was not a loaded control class.
Line 135: Class XtremeSuiteControls.GroupBox of control gbBotones was not a loaded control class.
Line 147: Class XtremeSuiteControls.PushButton of control btnBuscar was not a loaded control class.
Line 162: Class XtremeSuiteControls.PushButton of control btnImprimir was not a loaded control class.
Line 176: Class XtremeSuiteControls.PushButton of control btnExportar was not a loaded control class.
Line 190: Class XtremeSuiteControls.CheckBox of control checkVerIds was not a loaded control class.
Line 206: Class XtremeSuiteControls.GroupBox of control GroupBox1 was not a loaded control class.
Line 219: Class XtremeSuiteControls.PushButton of control btnClearCtaCble_Click was not a loaded control class.
Line 233: Class XtremeSuiteControls.ComboBox of control cboOrdenImporte was not a loaded control class.
Line 259: Class XtremeSuiteControls.PushButton of control btnClearFormaDePago was not a loaded control class.
Line 280: Class XtremeSuiteControls.ComboBox of control cboProveedores was not a loaded control class.
Line 293: Class XtremeSuiteControls.PushButton of control btnRemoveProveedor was not a loaded control class.
Line 307: Class XtremeSuiteControls.PushButton of control btnRemoveEstado was not a loaded control class.
Line 321: Class XtremeSuiteControls.ComboBox of control cboEstado was not a loaded control class.
Line 336: Class XtremeSuiteControls.ComboBox of control cboBoxFormaDePago was not a loaded control class.
Line 351: Class XtremeSuiteControls.GroupBox of control GroupBox3 was not a loaded control class.
Line 364: Class XtremeSuiteControls.DateTimePicker of control dtpDesdeCarga was not a loaded control class.
Line 377: Class XtremeSuiteControls.DateTimePicker of control dtpHastaCarga was not a loaded control class.
Line 390: Class XtremeSuiteControls.ComboBox of control cboRangosCarga was not a loaded control class.
Line 404: Class XtremeSuiteControls.Label of control Label7 was not a loaded control class.
Line 418: Class XtremeSuiteControls.Label of control Label8 was not a loaded control class.
Line 433: Class XtremeSuiteControls.Label of control Label9 was not a loaded control class.
Line 449: Class XtremeSuiteControls.GroupBox of control GroupBox2 was not a loaded control class.
Line 462: Class XtremeSuiteControls.DateTimePicker of control dtpDesde was not a loaded control class.
Line 475: Class XtremeSuiteControls.DateTimePicker of control dtpHasta was not a loaded control class.
Line 488: Class XtremeSuiteControls.ComboBox of control cboRangos was not a loaded control class.
Line 502: Class XtremeSuiteControls.Label of control Label6 was not a loaded control class.
Line 516: Class XtremeSuiteControls.Label of control Label5 was not a loaded control class.
Line 530: Class XtremeSuiteControls.Label of control Label4 was not a loaded control class.
Line 545: Class XtremeSuiteControls.ComboBox of control cboCuentasContables was not a loaded control class.
Line 558: Class XtremeSuiteControls.Label of control Label12 was not a loaded control class.
Line 583: Class XtremeSuiteControls.Label of control Label8 was not a loaded control class.
Line 598: Class XtremeSuiteControls.Label of control Label9 was not a loaded control class.
Line 613: Class XtremeSuiteControls.Label of control lblFormaDePago was not a loaded control class.
Line 627: Class XtremeSuiteControls.Label of control Label10 was not a loaded control class.
Line 642: Class XtremeSuiteControls.Label of control Label2 was not a loaded control class.
Line 656: Class XtremeSuiteControls.Label of control Label1 was not a loaded control class.
Line 671: Class GridEX20.GridEX of control grilla was not a loaded control class.
Line 741: Class XtremeSuiteControls.ComboBox of control cboFantasia was not a loaded control class.
Line 755: Class XtremeSuiteControls.Label of control Label3 was not a loaded control class.
