Line 17: Class XtremeSuiteControls.GroupBox of control grpCbtesConfirmados was not a loaded control class.
Line 50: Class XtremeSuiteControls.PushButton of control btnSacarTodos was not a loaded control class.
Line 63: Class XtremeSuiteControls.PushButton of control btnSacarSeleccionado was not a loaded control class.
Line 76: Class XtremeSuiteControls.ListBox of control lstFacturasFiltradas was not a loaded control class.
Line 90: Class XtremeSuiteControls.Label of control lblCantidadComprobantesConfirmados was not a loaded control class.
Line 112: Class XtremeSuiteControls.GroupBox of control grpFiltros was not a loaded control class.
Line 133: Class XtremeSuiteControls.PushButton of control btnLimpiarProveedor was not a loaded control class.
Line 147: Class XtremeSuiteControls.PushButton of control btnLimpiarNúmero was not a loaded control class.
Line 160: Class XtremeSuiteControls.ComboBox of control cboProveedor was not a loaded control class.
Line 183: Class XtremeSuiteControls.PushButton of control btnFiltrarResultados was not a loaded control class.
Line 239: Class XtremeSuiteControls.GroupBox of control grpGuardar was not a loaded control class.
Line 277: Class XtremeSuiteControls.DateTimePicker of control dtpFecha was not a loaded control class.
Line 299: Class XtremeSuiteControls.PushButton of control btnGuardar was not a loaded control class.
Line 423: Class XtremeSuiteControls.GroupBox of control grpOrigen was not a loaded control class.
Line 444: Class XtremeSuiteControls.TabControl of control TabControl was not a loaded control class.
Line 465: Class GridEX20.GridEX of control gridCompensatorios was not a loaded control class.
Line 506: Class GridEX20.GridEX of control gridDepositosOperaciones was not a loaded control class.
Line 545: Class GridEX20.GridEX of control gridCajaOperaciones was not a loaded control class.
Line 587: Class XtremeSuiteControls.GroupBox of control grpCbtesImpagos was not a loaded control class.
Line 620: Class XtremeSuiteControls.PushButton of control btnConfirmarSeleccion was not a loaded control class.
Line 642: Class XtremeSuiteControls.PushButton of control btnDesseleccionarTodo was not a loaded control class.
Line 655: Class XtremeSuiteControls.PushButton of control btnSeleccionarTodo was not a loaded control class.
Line 668: Class XtremeSuiteControls.ListBox of control lstFacturas was not a loaded control class.
Line 691: Class XtremeSuiteControls.Label of control lblCantidadCbtesSeleccionados was not a loaded control class.
Line 713: Class XtremeSuiteControls.Label of control lblCantidadComprobantes was not a loaded control class.
Line 735: Class GridEX20.GridEX of control gridBancos was not a loaded control class.
Line 774: Class GridEX20.GridEX of control gridCuentasBancarias was not a loaded control class.
Line 812: Class GridEX20.GridEX of control gridMonedas was not a loaded control class.
Line 850: Class GridEX20.GridEX of control gridCajas was not a loaded control class.
Line 886: Class GridEX20.GridEX of control gridChequesDisponibles was not a loaded control class.
Line 929: Class GridEX20.GridEX of control gridChequeras was not a loaded control class.
Line 967: Class GridEX20.GridEX of control gridChequesChequera was not a loaded control class.
Line 1008: Class XtremeSuiteControls.RadioButton of control radioFacturaProveedor was not a loaded control class.
Line 1023: Class XtremeSuiteControls.ComboBox of control cboMonedas was not a loaded control class.
