Line 42: Class XtremeSuiteControls.Label of control lblPercepciones_Dolar was not a loaded control class.
Line 56: Class XtremeSuiteControls.Label of control lblIVA_Dolar was not a loaded control class.
Line 70: Class XtremeSuiteControls.Label of control lblNG_Dolar was not a loaded control class.
Line 155: Class XtremeSuiteControls.PushButton of control btnBuscar was not a loaded control class.
Line 179: Class XtremeSuiteControls.PushButton of control btnImprimir was not a loaded control class.
Line 193: Class XtremeSuiteControls.PushButton of control btnExportar was not a loaded control class.
Line 208: Class XtremeSuiteControls.ProgressBar of control barProgreso was not a loaded control class.
Line 223: Class XtremeSuiteControls.PushButton of control btnReducirVentana was not a loaded control class.
Line 240: Class XtremeSuiteControls.GroupBox of control grpFiltrosPrincipal was not a loaded control class.
Line 253: Class XtremeSuiteControls.PushButton of control btnClearMoneda was not a loaded control class.
Line 266: Class XtremeSuiteControls.ComboBox of control cboMoneda was not a loaded control class.
Line 288: Class XtremeSuiteControls.CheckBox of control chkAgruparCbtes was not a loaded control class.
Line 302: Class XtremeSuiteControls.PushButton of control btnClearTipo was not a loaded control class.
Line 315: Class XtremeSuiteControls.ComboBox of control cboTipo was not a loaded control class.
Line 338: Class XtremeSuiteControls.PushButton of control PushButton2 was not a loaded control class.
Line 352: Class XtremeSuiteControls.ComboBox of control cboOrdenImporte was not a loaded control class.
Line 374: Class XtremeSuiteControls.CheckBox of control chkboxVerIds was not a loaded control class.
Line 388: Class XtremeSuiteControls.CheckBox of control chkCredito was not a loaded control class.
Line 409: Class XtremeSuiteControls.ComboBox of control cboClientes was not a loaded control class.
Line 438: Class XtremeSuiteControls.PushButton of control PushButton1 was not a loaded control class.
Line 452: Class XtremeSuiteControls.GroupBox of control grpFechaEmision was not a loaded control class.
Line 465: Class XtremeSuiteControls.DateTimePicker of control dtpDesde was not a loaded control class.
Line 478: Class XtremeSuiteControls.DateTimePicker of control dtpHasta was not a loaded control class.
Line 491: Class XtremeSuiteControls.ComboBox of control cboRangos was not a loaded control class.
Line 505: Class XtremeSuiteControls.Label of control Label6 was not a loaded control class.
Line 519: Class XtremeSuiteControls.Label of control Label5 was not a loaded control class.
Line 533: Class XtremeSuiteControls.Label of control Label7 was not a loaded control class.
Line 548: Class XtremeSuiteControls.ComboBox of control cboPuntosVenta was not a loaded control class.
Line 573: Class XtremeSuiteControls.PushButton of control PushButton3 was not a loaded control class.
Line 587: Class XtremeSuiteControls.ComboBox of control cboEstados was not a loaded control class.
Line 612: Class XtremeSuiteControls.PushButton of control PushButton4 was not a loaded control class.
Line 626: Class XtremeSuiteControls.ComboBox of control cboEstadosSaldada was not a loaded control class.
Line 651: Class XtremeSuiteControls.PushButton of control PushButton5 was not a loaded control class.
Line 665: Class XtremeSuiteControls.ComboBox of control cboEstadoAfip was not a loaded control class.
Line 690: Class XtremeSuiteControls.PushButton of control cmdLimpiarCboEstadoAfip was not a loaded control class.
Line 704: Class XtremeSuiteControls.CheckBox of control chkObservaciones was not a loaded control class.
Line 720: Class XtremeSuiteControls.Label of control Label was not a loaded control class.
Line 733: Class XtremeSuiteControls.Label of control Label11 was not a loaded control class.
Line 749: Class XtremeSuiteControls.Label of control Label11 was not a loaded control class.
Line 765: Class XtremeSuiteControls.Label of control Label11 was not a loaded control class.
Line 781: Class XtremeSuiteControls.Label of control Label14 was not a loaded control class.
Line 795: Class XtremeSuiteControls.Label of control Label12 was not a loaded control class.
Line 809: Class XtremeSuiteControls.Label of control Label10 was not a loaded control class.
Line 823: Class XtremeSuiteControls.Label of control Label9 was not a loaded control class.
Line 886: Class GridEX20.GridEX of control gridComprobantesEmitidos was not a loaded control class.
Line 964: Class XtremeSuiteControls.TaskDialog of control taskDialog was not a loaded control class.
