Line 19: Class XtremeSuiteControls.ProgressBar of control ProgressBar was not a loaded control class.
Line 31: Class MSComctlLib.StatusBar of control StatusBar1 was not a loaded control class.
Line 65: Class XtremeSuiteControls.GroupBox of control GroupBox1 was not a loaded control class.
Line 85: Class XtremeSuiteControls.PushButton of control btnClearEstado was not a loaded control class.
Line 98: Class XtremeSuiteControls.ComboBox of control cboEstado was not a loaded control class.
Line 110: Class XtremeSuiteControls.GroupBox of control GroupBox was not a loaded control class.
Line 122: Class XtremeSuiteControls.PushButton of control PusExportar was not a loaded control class.
Line 135: Class XtremeSuiteControls.PushButton of control cmdBuscar was not a loaded control class.
Line 158: Class XtremeSuiteControls.PushButton of control cmdImprimir was not a loaded control class.
Line 172: Class XtremeSuiteControls.GroupBox of control GroupBox was not a loaded control class.
Line 185: Class XtremeSuiteControls.DateTimePicker of control dtpDesde was not a loaded control class.
Line 198: Class XtremeSuiteControls.DateTimePicker of control dtpHasta was not a loaded control class.
Line 211: Class XtremeSuiteControls.ComboBox of control cboRangos was not a loaded control class.
Line 225: Class XtremeSuiteControls.Label of control Label6 was not a loaded control class.
Line 238: Class XtremeSuiteControls.Label of control Label5 was not a loaded control class.
Line 251: Class XtremeSuiteControls.Label of control Label7 was not a loaded control class.
Line 279: Class XtremeSuiteControls.ComboBox of control cboClientes was not a loaded control class.
Line 291: Class XtremeSuiteControls.PushButton of control PushButton1 was not a loaded control class.
Line 304: Class XtremeSuiteControls.ComboBox of control cboEstadoFacturado was not a loaded control class.
Line 318: Class XtremeSuiteControls.PushButton of control cmdLimpiaEstado was not a loaded control class.
Line 350: Class XtremeSuiteControls.Label of control Label4 was not a loaded control class.
Line 396: Class GridEX20.GridEX of control grilla was not a loaded control class.
