Line 22: Class XtremeSuiteControls.GroupBox of control GroupBox6 was not a loaded control class.
Line 33: Class XtremeSuiteControls.ComboBox of control ComboBoxValorMoneda was not a loaded control class.
Line 55: Class XtremeSuiteControls.Label of control Label1ValorDolar was not a loaded control class.
Line 79: Class XtremeSuiteControls.GroupBox of control GroupBox5 was not a loaded control class.
Line 145: Class XtremeSuiteControls.GroupBox of control GroupBox4 was not a loaded control class.
Line 235: Class XtremeSuiteControls.PushButton of control E was not a loaded control class.
Line 249: Class XtremeSuiteControls.PushButton of control Command2 was not a loaded control class.
Line 283: Class XtremeSuiteControls.PushButton of control Command6 was not a loaded control class.
Line 297: Class XtremeSuiteControls.PushButton of control Command8 was not a loaded control class.
Line 311: Class XtremeSuiteControls.PushButton of control Command7 was not a loaded control class.
Line 638: Class XtremeSuiteControls.GroupBox of control GroupBox3 was not a loaded control class.
Line 650: Class XtremeSuiteControls.GroupBox of control GroupBox2 was not a loaded control class.
Line 708: Class XtremeSuiteControls.PushButton of control Command11 was not a loaded control class.
Line 722: Class XtremeSuiteControls.PushButton of control Command10 was not a loaded control class.
Line 737: Class XtremeSuiteControls.GroupBox of control GroupBox1 was not a loaded control class.
Line 995: Class XtremeSuiteControls.PushButton of control Qui was not a loaded control class.
Line 1009: Class XtremeSuiteControls.PushButton of control Command3 was not a loaded control class.
Line 1023: Class XtremeSuiteControls.PushButton of control Command1 was not a loaded control class.
Line 1037: Class XtremeSuiteControls.ProgressBar of control progreso was not a loaded control class.
Line 1051: Class GridEX20.GridEX of control grilla was not a loaded control class.
Line 1122: Class XtremeSuiteControls.PushButton of control cmdDefinir was not a loaded control class.
Line 1136: Class XtremeSuiteControls.PushButton of control Command13 was not a loaded control class.
Line 1150: Class XtremeSuiteControls.PushButton of control btnRenumerarItems was not a loaded control class.
Line 1164: Class XtremeSuiteControls.TabControl of control TabControl1 was not a loaded control class.
Line 1208: Class GridEX20.GridEX of control gridHistFab was not a loaded control class.
Line 1244: Class GridEX20.GridEX of control GridHistCot was not a loaded control class.
