Line 23: Class XtremeSuiteControls.GroupBox of control GroupBoxCotizacionMoneda was not a loaded control class.
Line 34: Class XtremeSuiteControls.ComboBox of control ComboBoxValorMoneda was not a loaded control class.
Line 56: Class XtremeSuiteControls.Label of control Label1ValorDolar was not a loaded control class.
Line 79: Class XtremeSuiteControls.GroupBox of control fraCondiciones was not a loaded control class.
Line 144: Class XtremeSuiteControls.ComboBox of control cboCliente2 was not a loaded control class.
Line 317: Class XtremeSuiteControls.GroupBox of control Frame1 was not a loaded control class.
Line 347: Class XtremeSuiteControls.ComboBox of control cboCliente was not a loaded control class.
Line 461: Class XtremeSuiteControls.PushButton of control Command9 was not a loaded control class.
Line 474: Class XtremeSuiteControls.PushButton of control Command10 was not a loaded control class.
Line 487: Class XtremeSuiteControls.PushButton of control Command8 was not a loaded control class.
Line 500: Class XtremeSuiteControls.PushButton of control cmdDefinirPrecios was not a loaded control class.
Line 513: Class XtremeSuiteControls.PushButton of control Command7 was not a loaded control class.
Line 526: Class XtremeSuiteControls.PushButton of control Qui was not a loaded control class.
Line 539: Class XtremeSuiteControls.PushButton of control Command5 was not a loaded control class.
Line 552: Class XtremeSuiteControls.PushButton of control CommandGuardar was not a loaded control class.
Line 565: Class XtremeSuiteControls.PushButton of control Command6 was not a loaded control class.
Line 578: Class XtremeSuiteControls.PushButton of control Command2 was not a loaded control class.
Line 591: Class XtremeSuiteControls.PushButton of control cmdAgregarPieza was not a loaded control class.
Line 604: Class GridEX20.GridEX of control grid was not a loaded control class.
Line 674: Class XtremeSuiteControls.PushButton of control PushButton1 was not a loaded control class.
