Line 21: Property Icon in frmAdminFacturasProformaEdicion had an invalid file reference.
Line 443: Property ItemData in cboOpcional27 had an invalid file reference.
Line 445: Property List in cboOpcional27 had an invalid file reference.
Line 454: Property ItemData in cboCuentasCBU had an invalid file reference.
Line 456: Property List in cboCuentasCBU had an invalid file reference.
Line 794: Property ItemData in cboConceptosAIncluir had an invalid file reference.
Line 796: Property List in cboConceptosAIncluir had an invalid file reference.
Line 1143: Property Column(1) in gridDetalles had an invalid file reference.
Line 1144: Property Column(2) in gridDetalles had an invalid file reference.
Line 1145: Property Column(3) in gridDetalles had an invalid file reference.
Line 1146: Property Column(4) in gridDetalles had an invalid file reference.
Line 1147: Property Column(5) in gridDetalles had an invalid file reference.
Line 1148: Property Column(6) in gridDetalles had an invalid file reference.
Line 1149: Property Column(7) in gridDetalles had an invalid file reference.
Line 1150: Property Column(8) in gridDetalles had an invalid file reference.
Line 1151: Property Column(9) in gridDetalles had an invalid file reference.
Line 1152: Property Column(10) in gridDetalles had an invalid file reference.
Line 1154: Property FormatStyle(1) in gridDetalles had an invalid file reference.
Line 1155: Property FormatStyle(2) in gridDetalles had an invalid file reference.
Line 1156: Property FormatStyle(3) in gridDetalles had an invalid file reference.
Line 1157: Property FormatStyle(4) in gridDetalles had an invalid file reference.
Line 1158: Property FormatStyle(5) in gridDetalles had an invalid file reference.
Line 1159: Property FormatStyle(6) in gridDetalles had an invalid file reference.
Line 1161: Property PrinterProperties in gridDetalles had an invalid file reference.
Line 1362: Property ItemData in txtCondObs had an invalid file reference.
Line 1364: Property List in txtCondObs had an invalid file reference.
Line 21: Property Icon in frmAdminFacturasProformaEdicion had an invalid file reference.
Line 443: Property ItemData in cboOpcional27 had an invalid file reference.
Line 445: Property List in cboOpcional27 had an invalid file reference.
Line 454: Property ItemData in cboCuentasCBU had an invalid file reference.
Line 456: Property List in cboCuentasCBU had an invalid file reference.
Line 794: Property ItemData in cboConceptosAIncluir had an invalid file reference.
Line 796: Property List in cboConceptosAIncluir had an invalid file reference.
Line 1143: Property Column(1) in gridDetalles had an invalid file reference.
Line 1144: Property Column(2) in gridDetalles had an invalid file reference.
Line 1145: Property Column(3) in gridDetalles had an invalid file reference.
Line 1146: Property Column(4) in gridDetalles had an invalid file reference.
Line 1147: Property Column(5) in gridDetalles had an invalid file reference.
Line 1148: Property Column(6) in gridDetalles had an invalid file reference.
Line 1149: Property Column(7) in gridDetalles had an invalid file reference.
Line 1150: Property Column(8) in gridDetalles had an invalid file reference.
Line 1151: Property Column(9) in gridDetalles had an invalid file reference.
Line 1152: Property Column(10) in gridDetalles had an invalid file reference.
Line 1154: Property FormatStyle(1) in gridDetalles had an invalid file reference.
Line 1155: Property FormatStyle(2) in gridDetalles had an invalid file reference.
Line 1156: Property FormatStyle(3) in gridDetalles had an invalid file reference.
Line 1157: Property FormatStyle(4) in gridDetalles had an invalid file reference.
Line 1158: Property FormatStyle(5) in gridDetalles had an invalid file reference.
Line 1159: Property FormatStyle(6) in gridDetalles had an invalid file reference.
Line 1161: Property PrinterProperties in gridDetalles had an invalid file reference.
Line 1362: Property ItemData in txtCondObs had an invalid file reference.
Line 1364: Property List in txtCondObs had an invalid file reference.
Line 21: Property Icon in frmAdminFacturasProformaEdicion had an invalid file reference.
Line 443: Property ItemData in cboOpcional27 had an invalid file reference.
Line 445: Property List in cboOpcional27 had an invalid file reference.
Line 454: Property ItemData in cboCuentasCBU had an invalid file reference.
Line 456: Property List in cboCuentasCBU had an invalid file reference.
Line 794: Property ItemData in cboConceptosAIncluir had an invalid file reference.
Line 796: Property List in cboConceptosAIncluir had an invalid file reference.
Line 1143: Property Column(1) in gridDetalles had an invalid file reference.
Line 1144: Property Column(2) in gridDetalles had an invalid file reference.
Line 1145: Property Column(3) in gridDetalles had an invalid file reference.
Line 1146: Property Column(4) in gridDetalles had an invalid file reference.
Line 1147: Property Column(5) in gridDetalles had an invalid file reference.
Line 1148: Property Column(6) in gridDetalles had an invalid file reference.
Line 1149: Property Column(7) in gridDetalles had an invalid file reference.
Line 1150: Property Column(8) in gridDetalles had an invalid file reference.
Line 1151: Property Column(9) in gridDetalles had an invalid file reference.
Line 1152: Property Column(10) in gridDetalles had an invalid file reference.
Line 1154: Property FormatStyle(1) in gridDetalles had an invalid file reference.
Line 1155: Property FormatStyle(2) in gridDetalles had an invalid file reference.
Line 1156: Property FormatStyle(3) in gridDetalles had an invalid file reference.
Line 1157: Property FormatStyle(4) in gridDetalles had an invalid file reference.
Line 1158: Property FormatStyle(5) in gridDetalles had an invalid file reference.
Line 1159: Property FormatStyle(6) in gridDetalles had an invalid file reference.
Line 1161: Property PrinterProperties in gridDetalles had an invalid file reference.
Line 1362: Property ItemData in txtCondObs had an invalid file reference.
Line 1364: Property List in txtCondObs had an invalid file reference.
Line 443: Property ItemData in cboOpcional27 had an invalid file reference.
Line 445: Property List in cboOpcional27 had an invalid file reference.
Line 454: Property ItemData in cboCuentasCBU had an invalid file reference.
Line 456: Property List in cboCuentasCBU had an invalid file reference.
Line 794: Property ItemData in cboConceptosAIncluir had an invalid file reference.
Line 796: Property List in cboConceptosAIncluir had an invalid file reference.
Line 1143: Property Column(1) in gridDetalles had an invalid file reference.
Line 1144: Property Column(2) in gridDetalles had an invalid file reference.
Line 1145: Property Column(3) in gridDetalles had an invalid file reference.
Line 1146: Property Column(4) in gridDetalles had an invalid file reference.
Line 1147: Property Column(5) in gridDetalles had an invalid file reference.
Line 1148: Property Column(6) in gridDetalles had an invalid file reference.
Line 1149: Property Column(7) in gridDetalles had an invalid file reference.
Line 1150: Property Column(8) in gridDetalles had an invalid file reference.
Line 1151: Property Column(9) in gridDetalles had an invalid file reference.
Line 1152: Property Column(10) in gridDetalles had an invalid file reference.
Line 1154: Property FormatStyle(1) in gridDetalles had an invalid file reference.
Line 1155: Property FormatStyle(2) in gridDetalles had an invalid file reference.
Line 1156: Property FormatStyle(3) in gridDetalles had an invalid file reference.
Line 1157: Property FormatStyle(4) in gridDetalles had an invalid file reference.
Line 1158: Property FormatStyle(5) in gridDetalles had an invalid file reference.
Line 1159: Property FormatStyle(6) in gridDetalles had an invalid file reference.
Line 1161: Property PrinterProperties in gridDetalles had an invalid file reference.
Line 1362: Property ItemData in txtCondObs had an invalid file reference.
Line 1364: Property List in txtCondObs had an invalid file reference.
Line 443: Property ItemData in cboOpcional27 had an invalid file reference.
Line 445: Property List in cboOpcional27 had an invalid file reference.
Line 454: Property ItemData in cboCuentasCBU had an invalid file reference.
Line 456: Property List in cboCuentasCBU had an invalid file reference.
Line 794: Property ItemData in cboConceptosAIncluir had an invalid file reference.
Line 796: Property List in cboConceptosAIncluir had an invalid file reference.
Line 1143: Property Column(1) in gridDetalles had an invalid file reference.
Line 1144: Property Column(2) in gridDetalles had an invalid file reference.
Line 1145: Property Column(3) in gridDetalles had an invalid file reference.
Line 1146: Property Column(4) in gridDetalles had an invalid file reference.
Line 1147: Property Column(5) in gridDetalles had an invalid file reference.
Line 1148: Property Column(6) in gridDetalles had an invalid file reference.
Line 1149: Property Column(7) in gridDetalles had an invalid file reference.
Line 1150: Property Column(8) in gridDetalles had an invalid file reference.
Line 1151: Property Column(9) in gridDetalles had an invalid file reference.
Line 1152: Property Column(10) in gridDetalles had an invalid file reference.
Line 1154: Property FormatStyle(1) in gridDetalles had an invalid file reference.
Line 1155: Property FormatStyle(2) in gridDetalles had an invalid file reference.
Line 1156: Property FormatStyle(3) in gridDetalles had an invalid file reference.
Line 1157: Property FormatStyle(4) in gridDetalles had an invalid file reference.
Line 1158: Property FormatStyle(5) in gridDetalles had an invalid file reference.
Line 1159: Property FormatStyle(6) in gridDetalles had an invalid file reference.
Line 1161: Property PrinterProperties in gridDetalles had an invalid file reference.
Line 1362: Property ItemData in txtCondObs had an invalid file reference.
Line 1364: Property List in txtCondObs had an invalid file reference.
