Line 16: Class XtremeSuiteControls.GroupBox of control GroupBox was not a loaded control class.
Line 37: Class XtremeSuiteControls.ComboBox of control cboClientes was not a loaded control class.
Line 50: Class XtremeSuiteControls.PushButton of control btnRemoveProveedor was not a loaded control class.
Line 64: Class XtremeSuiteControls.GroupBox of control GroupBox was not a loaded control class.
Line 78: Class XtremeSuiteControls.DateTimePicker of control dtpDesde was not a loaded control class.
Line 92: Class XtremeSuiteControls.DateTimePicker of control dtpHasta was not a loaded control class.
Line 106: Class XtremeSuiteControls.ComboBox of control cboRangos was not a loaded control class.
Line 120: Class XtremeSuiteControls.Label of control Label6 was not a loaded control class.
Line 135: Class XtremeSuiteControls.Label of control Label5 was not a loaded control class.
Line 150: Class XtremeSuiteControls.Label of control Label4 was not a loaded control class.
Line 165: Class XtremeSuiteControls.GroupBox of control gbBotones was not a loaded control class.
Line 177: Class XtremeSuiteControls.PushButton of control btnBuscar was not a loaded control class.
Line 192: Class XtremeSuiteControls.PushButton of control btnExportar was not a loaded control class.
Line 207: Class XtremeSuiteControls.GroupBox of control GroupBox was not a loaded control class.
Line 220: Class XtremeSuiteControls.ProgressBar of control progreso was not a loaded control class.
Line 233: Class XtremeSuiteControls.DateTimePicker of control dtpHastaFIN was not a loaded control class.
Line 248: Class XtremeSuiteControls.GroupBox of control GroupBox was not a loaded control class.
Line 292: Class XtremeSuiteControls.Label of control lbl was not a loaded control class.
Line 316: Class XtremeSuiteControls.Label of control lblTotalFiltrado was not a loaded control class.
Line 332: Class XtremeSuiteControls.Label of control Label2 was not a loaded control class.
Line 347: Class XtremeSuiteControls.Label of control Label1 was not a loaded control class.
Line 361: Class XtremeSuiteControls.Label of control Label2 was not a loaded control class.
Line 377: Class GridEX20.GridEX of control grilla was not a loaded control class.
