Line 234: Property Column(1) in gridDepositosOperaciones had an invalid file reference.
Line 235: Property Column(2) in gridDepositosOperaciones had an invalid file reference.
Line 236: Property Column(3) in gridDepositosOperaciones had an invalid file reference.
Line 237: Property Column(4) in gridDepositosOperaciones had an invalid file reference.
Line 238: Property Column(5) in gridDepositosOperaciones had an invalid file reference.
Line 240: Property FormatStyle(1) in gridDepositosOperaciones had an invalid file reference.
Line 241: Property FormatStyle(2) in gridDepositosOperaciones had an invalid file reference.
Line 242: Property FormatStyle(3) in gridDepositosOperaciones had an invalid file reference.
Line 243: Property FormatStyle(4) in gridDepositosOperaciones had an invalid file reference.
Line 244: Property FormatStyle(5) in gridDepositosOperaciones had an invalid file reference.
Line 245: Property FormatStyle(6) in gridDepositosOperaciones had an invalid file reference.
Line 247: Property PrinterProperties in gridDepositosOperaciones had an invalid file reference.
Line 273: Property Column(1) in gridCajaOperaciones had an invalid file reference.
Line 274: Property Column(2) in gridCajaOperaciones had an invalid file reference.
Line 275: Property Column(3) in gridCajaOperaciones had an invalid file reference.
Line 276: Property Column(4) in gridCajaOperaciones had an invalid file reference.
Line 277: Property Column(5) in gridCajaOperaciones had an invalid file reference.
Line 279: Property FormatStyle(1) in gridCajaOperaciones had an invalid file reference.
Line 280: Property FormatStyle(2) in gridCajaOperaciones had an invalid file reference.
Line 281: Property FormatStyle(3) in gridCajaOperaciones had an invalid file reference.
Line 282: Property FormatStyle(4) in gridCajaOperaciones had an invalid file reference.
Line 283: Property FormatStyle(5) in gridCajaOperaciones had an invalid file reference.
Line 284: Property FormatStyle(6) in gridCajaOperaciones had an invalid file reference.
Line 286: Property PrinterProperties in gridCajaOperaciones had an invalid file reference.
Line 314: Property Column(1) in gridChequesPropios had an invalid file reference.
Line 315: Property Column(2) in gridChequesPropios had an invalid file reference.
Line 316: Property Column(3) in gridChequesPropios had an invalid file reference.
Line 317: Property Column(4) in gridChequesPropios had an invalid file reference.
Line 318: Property Column(5) in gridChequesPropios had an invalid file reference.
Line 320: Property FormatStyle(1) in gridChequesPropios had an invalid file reference.
Line 321: Property FormatStyle(2) in gridChequesPropios had an invalid file reference.
Line 322: Property FormatStyle(3) in gridChequesPropios had an invalid file reference.
Line 323: Property FormatStyle(4) in gridChequesPropios had an invalid file reference.
Line 324: Property FormatStyle(5) in gridChequesPropios had an invalid file reference.
Line 325: Property FormatStyle(6) in gridChequesPropios had an invalid file reference.
Line 327: Property PrinterProperties in gridChequesPropios had an invalid file reference.
Line 355: Property Column(1) in gridCheques had an invalid file reference.
Line 356: Property Column(2) in gridCheques had an invalid file reference.
Line 357: Property Column(3) in gridCheques had an invalid file reference.
Line 358: Property Column(4) in gridCheques had an invalid file reference.
Line 359: Property Column(5) in gridCheques had an invalid file reference.
Line 360: Property Column(6) in gridCheques had an invalid file reference.
Line 361: Property Column(7) in gridCheques had an invalid file reference.
Line 363: Property FormatStyle(1) in gridCheques had an invalid file reference.
Line 364: Property FormatStyle(2) in gridCheques had an invalid file reference.
Line 365: Property FormatStyle(3) in gridCheques had an invalid file reference.
Line 366: Property FormatStyle(4) in gridCheques had an invalid file reference.
Line 367: Property FormatStyle(5) in gridCheques had an invalid file reference.
Line 368: Property FormatStyle(6) in gridCheques had an invalid file reference.
Line 370: Property PrinterProperties in gridCheques had an invalid file reference.
Line 399: Property Column(1) in gridCompensatorios had an invalid file reference.
Line 400: Property Column(2) in gridCompensatorios had an invalid file reference.
Line 401: Property Column(3) in gridCompensatorios had an invalid file reference.
Line 402: Property Column(4) in gridCompensatorios had an invalid file reference.
Line 403: Property Column(5) in gridCompensatorios had an invalid file reference.
Line 405: Property FormatStyle(1) in gridCompensatorios had an invalid file reference.
Line 406: Property FormatStyle(2) in gridCompensatorios had an invalid file reference.
Line 407: Property FormatStyle(3) in gridCompensatorios had an invalid file reference.
Line 408: Property FormatStyle(4) in gridCompensatorios had an invalid file reference.
Line 409: Property FormatStyle(5) in gridCompensatorios had an invalid file reference.
Line 410: Property FormatStyle(6) in gridCompensatorios had an invalid file reference.
Line 412: Property PrinterProperties in gridCompensatorios had an invalid file reference.
Line 442: Property Column(1) in gridBancos had an invalid file reference.
Line 443: Property Column(2) in gridBancos had an invalid file reference.
Line 445: Property FormatStyle(1) in gridBancos had an invalid file reference.
Line 446: Property FormatStyle(2) in gridBancos had an invalid file reference.
Line 447: Property FormatStyle(3) in gridBancos had an invalid file reference.
Line 448: Property FormatStyle(4) in gridBancos had an invalid file reference.
Line 449: Property FormatStyle(5) in gridBancos had an invalid file reference.
Line 450: Property FormatStyle(6) in gridBancos had an invalid file reference.
Line 452: Property PrinterProperties in gridBancos had an invalid file reference.
Line 479: Property Column(1) in gridCuentasBancarias had an invalid file reference.
Line 480: Property Column(2) in gridCuentasBancarias had an invalid file reference.
Line 482: Property FormatStyle(1) in gridCuentasBancarias had an invalid file reference.
Line 483: Property FormatStyle(2) in gridCuentasBancarias had an invalid file reference.
Line 484: Property FormatStyle(3) in gridCuentasBancarias had an invalid file reference.
Line 485: Property FormatStyle(4) in gridCuentasBancarias had an invalid file reference.
Line 486: Property FormatStyle(5) in gridCuentasBancarias had an invalid file reference.
Line 487: Property FormatStyle(6) in gridCuentasBancarias had an invalid file reference.
Line 489: Property PrinterProperties in gridCuentasBancarias had an invalid file reference.
Line 516: Property Column(1) in gridMonedas had an invalid file reference.
Line 517: Property Column(2) in gridMonedas had an invalid file reference.
Line 519: Property FormatStyle(1) in gridMonedas had an invalid file reference.
Line 520: Property FormatStyle(2) in gridMonedas had an invalid file reference.
Line 521: Property FormatStyle(3) in gridMonedas had an invalid file reference.
Line 522: Property FormatStyle(4) in gridMonedas had an invalid file reference.
Line 523: Property FormatStyle(5) in gridMonedas had an invalid file reference.
Line 524: Property FormatStyle(6) in gridMonedas had an invalid file reference.
Line 526: Property PrinterProperties in gridMonedas had an invalid file reference.
Line 551: Property Column(1) in gridCajas had an invalid file reference.
Line 552: Property Column(2) in gridCajas had an invalid file reference.
Line 554: Property FormatStyle(1) in gridCajas had an invalid file reference.
Line 555: Property FormatStyle(2) in gridCajas had an invalid file reference.
Line 556: Property FormatStyle(3) in gridCajas had an invalid file reference.
Line 557: Property FormatStyle(4) in gridCajas had an invalid file reference.
Line 558: Property FormatStyle(5) in gridCajas had an invalid file reference.
Line 559: Property FormatStyle(6) in gridCajas had an invalid file reference.
Line 561: Property PrinterProperties in gridCajas had an invalid file reference.
Line 588: Property Column(1) in gridChequesDisponibles had an invalid file reference.
Line 589: Property Column(2) in gridChequesDisponibles had an invalid file reference.
Line 590: Property Column(3) in gridChequesDisponibles had an invalid file reference.
Line 591: Property Column(4) in gridChequesDisponibles had an invalid file reference.
Line 592: Property Column(5) in gridChequesDisponibles had an invalid file reference.
Line 593: Property Column(6) in gridChequesDisponibles had an invalid file reference.
Line 594: Property Column(7) in gridChequesDisponibles had an invalid file reference.
Line 595: Property Column(8) in gridChequesDisponibles had an invalid file reference.
Line 597: Property FormatStyle(1) in gridChequesDisponibles had an invalid file reference.
Line 598: Property FormatStyle(2) in gridChequesDisponibles had an invalid file reference.
Line 599: Property FormatStyle(3) in gridChequesDisponibles had an invalid file reference.
Line 600: Property FormatStyle(4) in gridChequesDisponibles had an invalid file reference.
Line 601: Property FormatStyle(5) in gridChequesDisponibles had an invalid file reference.
Line 602: Property FormatStyle(6) in gridChequesDisponibles had an invalid file reference.
Line 604: Property PrinterProperties in gridChequesDisponibles had an invalid file reference.
Line 632: Property Column(1) in gridChequeras had an invalid file reference.
Line 633: Property Column(2) in gridChequeras had an invalid file reference.
Line 635: Property FormatStyle(1) in gridChequeras had an invalid file reference.
Line 636: Property FormatStyle(2) in gridChequeras had an invalid file reference.
Line 637: Property FormatStyle(3) in gridChequeras had an invalid file reference.
Line 638: Property FormatStyle(4) in gridChequeras had an invalid file reference.
Line 639: Property FormatStyle(5) in gridChequeras had an invalid file reference.
Line 640: Property FormatStyle(6) in gridChequeras had an invalid file reference.
Line 642: Property PrinterProperties in gridChequeras had an invalid file reference.
Line 671: Property Column(1) in gridChequesChequera had an invalid file reference.
Line 672: Property Column(2) in gridChequesChequera had an invalid file reference.
Line 674: Property SortKey(1) in gridChequesChequera had an invalid file reference.
Line 676: Property FormatStyle(1) in gridChequesChequera had an invalid file reference.
Line 677: Property FormatStyle(2) in gridChequesChequera had an invalid file reference.
Line 678: Property FormatStyle(3) in gridChequesChequera had an invalid file reference.
Line 679: Property FormatStyle(4) in gridChequesChequera had an invalid file reference.
Line 680: Property FormatStyle(5) in gridChequesChequera had an invalid file reference.
Line 681: Property FormatStyle(6) in gridChequesChequera had an invalid file reference.
Line 683: Property PrinterProperties in gridChequesChequera had an invalid file reference.
